<?xml version="1.0" encoding="UTF-8" ?>
<testsuite tests="7" failures="0" name="ServerTest" time="5.653" errors="1" skipped="0">
  <properties>
[...]
</properties>
  <testcase classname="ServerTest" name="testGetBooks" time="1.146"/>
  <testcase classname="ServerTest" name="testAddBook" time="0.771"/>
  <testcase classname="ServerTest" name="testAddRoom" time="1.03">
    <error message="java.lang.NullPointerException: Cannot invoke &quot;server.data.domain.Room.getName()&quot; because &quot;r1&quot; is null" type="org.databene.contiperf.PerfTestExecutionError">org.databene.contiperf.PerfTestExecutionError: java.lang.NullPointerException: Cannot invoke &quot;server.data.domain.Room.getName()&quot; because &quot;r1&quot; is null
	at org.databene.contiperf.util.ContiPerfUtil.executionError(ContiPerfUtil.java:58)
	at org.databene.contiperf.junit.JUnitInvoker.invoke(JUnitInvoker.java:46)
	at org.databene.contiperf.util.InvokerProxy.invoke(InvokerProxy.java:38)
	at org.databene.contiperf.PerformanceTracker.invoke(PerformanceTracker.java:87)
	at org.databene.contiperf.CountRunner.run(CountRunner.java:44)
	at java.base/java.lang.Thread.run(Thread.java:831)
Caused by: java.lang.NullPointerException: Cannot invoke &quot;server.data.domain.Room.getName()&quot; because &quot;r1&quot; is null
	at ServerTest.testAddRoom(ServerTest.java:148)
	at java.base/jdk.internal.reflect.NativeMethodAccessorImpl.invoke0(Native Method)
	at java.base/jdk.internal.reflect.NativeMethodAccessorImpl.invoke(NativeMethodAccessorImpl.java:78)
	at java.base/jdk.internal.reflect.DelegatingMethodAccessorImpl.invoke(DelegatingMethodAccessorImpl.java:43)
	at java.base/java.lang.reflect.Method.invoke(Method.java:567)
	at org.junit.runners.model.FrameworkMethod$1.runReflectiveCall(FrameworkMethod.java:47)
	at org.junit.internal.runners.model.ReflectiveCallable.run(ReflectiveCallable.java:12)
	at org.junit.runners.model.FrameworkMethod.invokeExplosively(FrameworkMethod.java:44)
	at org.junit.internal.runners.statements.InvokeMethod.evaluate(InvokeMethod.java:17)
	at org.databene.contiperf.junit.JUnitInvoker.invoke(JUnitInvoker.java:43)
	... 4 more
</error>
    <system-out>2022-05-22 17:21:35 INFO  ServerTest:40 - Started Setup
2022-05-22 17:21:36 INFO  ServerTest:49 - Finished Setup
ServerTest.testAddRoom
2022-05-22 17:21:36 INFO  ServerTest:141 - Started AddRoom
2022-05-22 17:21:36 INFO  ServerTest:141 - Started AddRoom
2022-05-22 17:21:36 INFO  ServerTest:155 - Finished AddRoom
2022-05-22 17:21:36 INFO  ServerTest:141 - Started AddRoom
2022-05-22 17:21:36 INFO  ServerTest:155 - Finished AddRoom
2022-05-22 17:21:36 INFO  ServerTest:141 - Started AddRoom
2022-05-22 17:21:36 INFO  ServerTest:155 - Finished AddRoom
2022-05-22 17:21:36 INFO  ServerTest:141 - Started AddRoom
2022-05-22 17:21:36 INFO  ServerTest:155 - Finished AddRoom
2022-05-22 17:21:36 INFO  ServerTest:141 - Started AddRoom
2022-05-22 17:21:36 INFO  ServerTest:155 - Finished AddRoom
2022-05-22 17:21:36 INFO  ServerTest:141 - Started AddRoom
2022-05-22 17:21:36 INFO  ServerTest:155 - Finished AddRoom
2022-05-22 17:21:36 INFO  ServerTest:141 - Started AddRoom
2022-05-22 17:21:36 INFO  ServerTest:155 - Finished AddRoom
2022-05-22 17:21:36 INFO  ServerTest:141 - Started AddRoom
2022-05-22 17:21:36 INFO  ServerTest:155 - Finished AddRoom
2022-05-22 17:21:36 INFO  ServerTest:141 - Started AddRoom
2022-05-22 17:21:36 INFO  ServerTest:155 - Finished AddRoom
2022-05-22 17:21:36 INFO  ServerTest:141 - Started AddRoom
2022-05-22 17:21:36 INFO  ServerTest:155 - Finished AddRoom
2022-05-22 17:21:36 INFO  ServerTest:141 - Started AddRoom
2022-05-22 17:21:36 INFO  ServerTest:155 - Finished AddRoom
2022-05-22 17:21:36 INFO  ServerTest:141 - Started AddRoom
2022-05-22 17:21:36 INFO  ServerTest:155 - Finished AddRoom
2022-05-22 17:21:36 INFO  ServerTest:141 - Started AddRoom
2022-05-22 17:21:36 INFO  ServerTest:155 - Finished AddRoom
2022-05-22 17:21:36 INFO  ServerTest:141 - Started AddRoom
2022-05-22 17:21:36 INFO  ServerTest:155 - Finished AddRoom
2022-05-22 17:21:36 INFO  ServerTest:141 - Started AddRoom
2022-05-22 17:21:36 INFO  ServerTest:155 - Finished AddRoom
2022-05-22 17:21:36 INFO  ServerTest:141 - Started AddRoom
2022-05-22 17:21:36 INFO  ServerTest:155 - Finished AddRoom
2022-05-22 17:21:36 INFO  ServerTest:141 - Started AddRoom
2022-05-22 17:21:36 INFO  ServerTest:155 - Finished AddRoom
2022-05-22 17:21:36 INFO  ServerTest:141 - Started AddRoom
2022-05-22 17:21:36 INFO  ServerTest:155 - Finished AddRoom
2022-05-22 17:21:36 INFO  ServerTest:141 - Started AddRoom
2022-05-22 17:21:36 INFO  ServerTest:155 - Finished AddRoom
samples: 19
max:     54
average: 32.36842105263158
median:  30
</system-out>
  </testcase>
  <testcase classname="ServerTest" name="testUpdateBook" time="0.566"/>
  <testcase classname="ServerTest" name="testGetResp" time="0.562"/>
  <testcase classname="ServerTest" name="testCreateUser" time="1.135"/>
  <testcase classname="ServerTest" name="testUserLogin" time="0.443"/>
</testsuite>