<?xml version="1.0" encoding="UTF-8" ?>
<testsuite tests="16" failures="0" name="ServerTest" time="10.612" errors="0" skipped="0">
  <properties>
[...]
</properties>
  <testcase classname="ServerTest" name="testCheckSupplies" time="1.325"/>
  <testcase classname="ServerTest" name="testGetBooks" time="0.508"/>
  <testcase classname="ServerTest" name="testGetFines" time="0.645"/>
  <testcase classname="ServerTest" name="testAddBook" time="0.862"/>
  <testcase classname="ServerTest" name="testAddFine" time="0.486"/>
  <testcase classname="ServerTest" name="testAddRoom" time="0.573"/>
  <testcase classname="ServerTest" name="testCheckFines" time="0.855"/>
  <testcase classname="ServerTest" name="testUpdateBook" time="0.456"/>
  <testcase classname="ServerTest" name="testGetResp" time="0.621"/>
  <testcase classname="ServerTest" name="testGetSupplies" time="0.438"/>
  <testcase classname="ServerTest" name="testCreateMenu" time="0.788"/>
  <testcase classname="ServerTest" name="testCreateUser" time="0.65"/>
  <testcase classname="ServerTest" name="testAddSupply" time="0.436"/>
  <testcase classname="ServerTest" name="testUserLogin" time="0.724"/>
  <testcase classname="ServerTest" name="testCheckLibrary" time="0.8"/>
  <testcase classname="ServerTest" name="testUserCreation" time="0.445"/>
</testsuite>